<?xml version="1.0" encoding="UTF-8"?>
<!-- Generated by org.testng.reporters.JUnitReportReporter -->
<testsuite hostname="AGC02ZJ1MULVDQ" failures="0" tests="8" name="teksystems.qa.tests.HomePageTest" time="0.581" errors="0" timestamp="2023-12-02T00:08:38 EST" skipped="0">
  <testcase classname="teksystems.qa.tests.HomePageTest" name="searchIconDisplayedTest" time="0.009"/>
  <system-out/>
  <testcase classname="teksystems.qa.tests.HomePageTest" name="keepReadingLinkForArticleExistTest" time="0.021"/>
  <system-out/>
  <testcase classname="teksystems.qa.tests.HomePageTest" name="locationIconDisplayedTest" time="0.016"/>
  <system-out/>
  <testcase classname="teksystems.qa.tests.HomePageTest" name="homePageTitleTest" time="0.007"/>
  <system-out/>
  <testcase classname="teksystems.qa.tests.HomePageTest" name="contactUsLinkTest" time="0.190"/>
  <system-out/>
  <testcase classname="teksystems.qa.tests.HomePageTest" name="letsGoLinkForWhoWeAreTest" time="0.014"/>
  <system-out/>
  <testcase classname="teksystems.qa.tests.HomePageTest" name="TeksystemsLogoDisplayedTest" time="0.050"/>
  <system-out/>
  <testcase classname="teksystems.qa.tests.HomePageTest" name="WhatWeDoLinkDisplayedTest" time="0.274"/>
  <system-out/>
</testsuite> <!-- teksystems.qa.tests.HomePageTest -->
