<?xml version="1.0" encoding="UTF-8"?>
<!-- Generated by org.testng.reporters.JUnitReportReporter -->
<testsuite hostname="AGC02ZJ1MULVDQ" failures="0" tests="2" name="com.my.test.GoogleTest" time="8.663" errors="0" timestamp="2023-05-16T16:34:53 EDT" skipped="0">
  <testcase classname="com.my.test.GoogleTest" name="googleTitleTest" time="4.332"/>
  <system-out/>
  <testcase classname="com.my.test.GoogleTest" name="googleURLTest" time="4.331"/>
  <system-out/>
</testsuite> <!-- com.my.test.GoogleTest -->
