<?xml version="1.0" encoding="UTF-8"?>
<!-- Generated by org.testng.reporters.JUnitReportReporter -->
<testsuite hostname="AGC02ZJ1MULVDQ" failures="0" tests="3" name="com.my.test.AmazonTest" time="0.164" errors="0" timestamp="2023-05-10T17:04:59 EDT" skipped="0">
  <testcase classname="com.my.test.AmazonTest" name="amazonURLTest" time="0.007"/>
  <system-out/>
  <testcase classname="com.my.test.AmazonTest" name="amazonTitleTest" time="0.057"/>
  <system-out/>
  <testcase classname="com.my.test.AmazonTest" name="mobilesLinkPresentTest" time="0.100"/>
  <system-out/>
</testsuite> <!-- com.my.test.AmazonTest -->
