<?xml version="1.0" encoding="UTF-8"?>
<!-- Generated by org.testng.reporters.JUnitReportReporter -->
<testsuite hostname="AGC02ZJ1MULVDQ" failures="0" tests="5" name="TestNGSessions.PriorityTestCases" time="0.011" errors="0" timestamp="2023-05-08T11:49:48 EDT" skipped="0">
  <testcase classname="TestNGSessions.PriorityTestCases" name="bTest" time="0.001"/>
  <system-out/>
  <testcase classname="TestNGSessions.PriorityTestCases" name="aTest" time="0.007"/>
  <system-out/>
  <testcase classname="TestNGSessions.PriorityTestCases" name="cTest" time="0.001"/>
  <system-out/>
  <testcase classname="TestNGSessions.PriorityTestCases" name="dTest" time="0.001"/>
  <system-out/>
  <testcase classname="TestNGSessions.PriorityTestCases" name="eTest" time="0.001"/>
  <system-out/>
</testsuite> <!-- TestNGSessions.PriorityTestCases -->
