<?xml version="1.0" encoding="UTF-8"?>
<!-- Generated by org.testng.reporters.JUnitReportReporter -->
<testsuite hostname="AGC02ZJ1MULVDQ" failures="0" tests="2" name="com.my.test.GoogleTest" time="5.104" errors="0" timestamp="2023-05-15T12:19:58 EDT" skipped="0">
  <testcase classname="com.my.test.GoogleTest" name="googleTitleTest" time="2.517"/>
  <system-out/>
  <testcase classname="com.my.test.GoogleTest" name="googleURLTest" time="2.587"/>
  <system-out/>
</testsuite> <!-- com.my.test.GoogleTest -->
