<?xml version="1.0" encoding="UTF-8"?>
<!-- Generated by org.testng.reporters.JUnitReportReporter -->
<testsuite hostname="AGC02ZJ1MULVDQ" failures="0" tests="2" name="com.my.test.RediffTest" time="10.179" errors="0" timestamp="2023-05-16T16:39:24 EDT" skipped="0">
  <testcase classname="com.my.test.RediffTest" name="rediffURLTest" time="5.680"/>
  <system-out/>
  <testcase classname="com.my.test.RediffTest" name="rediffTitleTest" time="4.499"/>
  <system-out/>
</testsuite> <!-- com.my.test.RediffTest -->
