<?xml version="1.0" encoding="UTF-8"?>
<!-- Generated by org.testng.reporters.JUnitReportReporter -->
<testsuite hostname="AGC02ZJ1MULVDQ" failures="0" tests="3" name="com.my.test.AmazonTestWithBeforeMethod" time="16.095" errors="0" timestamp="2023-05-17T11:49:43 EDT" skipped="0">
  <testcase classname="com.my.test.AmazonTestWithBeforeMethod" name="amazonURLTest" time="6.221"/>
  <system-out/>
  <testcase classname="com.my.test.AmazonTestWithBeforeMethod" name="mobilesLinkPresentTest" time="5.049"/>
  <system-out/>
  <testcase classname="com.my.test.AmazonTestWithBeforeMethod" name="amazonTitleTest" time="4.825"/>
  <system-out/>
</testsuite> <!-- com.my.test.AmazonTestWithBeforeMethod -->
