<?xml version="1.0" encoding="UTF-8"?>
<!-- Generated by org.testng.reporters.JUnitReportReporter -->
<testsuite hostname="AGC02ZJ1MULVDQ" failures="0" tests="3" name="com.my.test.AmazonTest" time="0.130" errors="0" timestamp="2023-05-08T17:26:52 EDT" skipped="0">
  <testcase classname="com.my.test.AmazonTest" name="amazonURLTest" time="0.008"/>
  <system-out/>
  <testcase classname="com.my.test.AmazonTest" name="mobilesLinkPresentTest" time="0.112"/>
  <system-out/>
  <testcase classname="com.my.test.AmazonTest" name="amazonTitleTest" time="0.010"/>
  <system-out/>
</testsuite> <!-- com.my.test.AmazonTest -->
