<?xml version="1.0" encoding="UTF-8"?>
<!-- Generated by org.testng.reporters.JUnitReportReporter -->
<testsuite hostname="AGC02ZJ1MULVDQ" failures="0" tests="10" name="TestNGSessions.InnvocationCount" time="0.014" errors="0" timestamp="2023-05-08T11:44:33 EDT" skipped="0">
  <testcase classname="TestNGSessions.InnvocationCount" name="createUserTest" time="0.001"/>
  <system-out/>
  <testcase classname="TestNGSessions.InnvocationCount" name="createUserTest" time="0.001"/>
  <system-out/>
  <testcase classname="TestNGSessions.InnvocationCount" name="createUserTest" time="0.001"/>
  <system-out/>
  <testcase classname="TestNGSessions.InnvocationCount" name="createUserTest" time="0.006"/>
  <system-out/>
  <testcase classname="TestNGSessions.InnvocationCount" name="createUserTest" time="0.001"/>
  <system-out/>
  <testcase classname="TestNGSessions.InnvocationCount" name="createUserTest" time="0.001"/>
  <system-out/>
  <testcase classname="TestNGSessions.InnvocationCount" name="createUserTest" time="0.001"/>
  <system-out/>
  <testcase classname="TestNGSessions.InnvocationCount" name="createUserTest" time="0.001"/>
  <system-out/>
  <testcase classname="TestNGSessions.InnvocationCount" name="createUserTest" time="0.000"/>
  <system-out/>
  <testcase classname="TestNGSessions.InnvocationCount" name="createUserTest" time="0.001"/>
  <system-out/>
</testsuite> <!-- TestNGSessions.InnvocationCount -->
