<?xml version="1.0" encoding="UTF-8"?>
<!-- Generated by org.testng.reporters.JUnitReportReporter -->
<testsuite hostname="AGC02ZJ1MULVDQ" failures="0" tests="3" name="TestNGSessions.TestNGBasics" time="0.008" errors="0" timestamp="2023-05-01T09:59:20 EDT" skipped="0">
  <testcase classname="TestNGSessions.TestNGBasics" name="checkUserIsActiveTest" time="0.005"/>
  <system-out/>
  <testcase classname="TestNGSessions.TestNGBasics" name="checkUserProfileTest" time="0.002"/>
  <system-out/>
  <testcase classname="TestNGSessions.TestNGBasics" name="getUserInfoTest" time="0.001"/>
  <system-out/>
</testsuite> <!-- TestNGSessions.TestNGBasics -->
