<?xml version="1.0" encoding="UTF-8"?>
<!-- Generated by org.testng.reporters.JUnitReportReporter -->
<testsuite hostname="AGC02ZJ1MULVDQ" failures="0" tests="2" name="com.my.test.RediffTest" time="11.446" errors="0" timestamp="2023-05-15T12:24:04 EDT" skipped="0">
  <testcase classname="com.my.test.RediffTest" name="rediffTitleTest" time="5.322"/>
  <system-out/>
  <testcase classname="com.my.test.RediffTest" name="rediffURLTest" time="6.124"/>
  <system-out/>
</testsuite> <!-- com.my.test.RediffTest -->
