<?xml version="1.0" encoding="UTF-8"?>
<!-- Generated by org.testng.reporters.JUnitReportReporter -->
<testsuite hostname="AGC02ZJ1MULVDQ" failures="0" tests="3" name="com.my.test.AmazonTestWithBeforeMethod" time="15.645" errors="0" timestamp="2023-05-15T12:24:04 EDT" skipped="0">
  <testcase classname="com.my.test.AmazonTestWithBeforeMethod" name="amazonURLTest" time="5.561"/>
  <system-out/>
  <testcase classname="com.my.test.AmazonTestWithBeforeMethod" name="amazonTitleTest" time="3.707"/>
  <system-out/>
  <testcase classname="com.my.test.AmazonTestWithBeforeMethod" name="mobilesLinkPresentTest" time="6.377"/>
  <system-out/>
</testsuite> <!-- com.my.test.AmazonTestWithBeforeMethod -->
